<?xml version="1.0" encoding="UTF-8"?>
<!-- Generated by org.testng.reporters.JUnitReportReporter -->
<testsuite skipped="0" hostname="W104SRSPV2" name="com.test.TestScripts.AutomatePUTCall" tests="1" failures="1" timestamp="12 Jul 2020 06:19:18 GMT" time="4.529" errors="0">
  <testcase name="updateCustomer" time="4.529" classname="com.test.TestScripts.AutomatePUTCall">
    <failure type="java.lang.AssertionError" message="1 expectation failed.
Expected header &quot;Content-Type&quot; was not &quot;application/json&quot;, was &quot;application/json;charset=utf-8&quot;. Headers are:
Access-Control-Allow-Origin=*
Access-Control-Expose-Headers=Content-Type, X-Requested-With, X-authentication, X-client
Cache-Control=no-store, no-cache, must-revalidate
Content-Type=application/json;charset=utf-8
Date=Sun, 12 Jul 2020 06:19:18 GMT
Display=staticcontent_sol
Expires=Thu, 19 Nov 1981 08:52:00 GMT
Host-Header=c2hhcmVkLmJsdWVob3N0LmNvbQ==
Pragma=no-cache
Response=200
Server=nginx/1.16.0
Set-Cookie=PHPSESSID=70f23a66fa76dd955e122f10633a275d; path=/
Vary=Accept-Encoding
Vary=Origin,Accept-Encoding,X-APP-JSON
X-Ezoic-Cdn=Miss
X-Middleton-Display=staticcontent_sol
X-Middleton-Response=200
X-Sol=pub_site
Content-Length=32
">
      <![CDATA[java.lang.AssertionError: 1 expectation failed.
Expected header "Content-Type" was not "application/json", was "application/json;charset=utf-8". Headers are:
Access-Control-Allow-Origin=*
Access-Control-Expose-Headers=Content-Type, X-Requested-With, X-authentication, X-client
Cache-Control=no-store, no-cache, must-revalidate
Content-Type=application/json;charset=utf-8
Date=Sun, 12 Jul 2020 06:19:18 GMT
Display=staticcontent_sol
Expires=Thu, 19 Nov 1981 08:52:00 GMT
Host-Header=c2hhcmVkLmJsdWVob3N0LmNvbQ==
Pragma=no-cache
Response=200
Server=nginx/1.16.0
Set-Cookie=PHPSESSID=70f23a66fa76dd955e122f10633a275d; path=/
Vary=Accept-Encoding
Vary=Origin,Accept-Encoding,X-APP-JSON
X-Ezoic-Cdn=Miss
X-Middleton-Display=staticcontent_sol
X-Middleton-Response=200
X-Sol=pub_site
Content-Length=32

at sun.reflect.NativeConstructorAccessorImpl.newInstance0(Native Method)
at sun.reflect.NativeConstructorAccessorImpl.newInstance(Unknown Source)
at sun.reflect.DelegatingConstructorAccessorImpl.newInstance(Unknown Source)
at java.lang.reflect.Constructor.newInstance(Unknown Source)
at org.codehaus.groovy.reflection.CachedConstructor.invoke(CachedConstructor.java:83)
at org.codehaus.groovy.reflection.CachedConstructor.doConstructorInvoke(CachedConstructor.java:77)
at org.codehaus.groovy.runtime.callsite.ConstructorSite$ConstructorSiteNoUnwrap.callConstructor(ConstructorSite.java:84)
at org.codehaus.groovy.runtime.callsite.CallSiteArray.defaultCallConstructor(CallSiteArray.java:59)
at org.codehaus.groovy.runtime.callsite.AbstractCallSite.callConstructor(AbstractCallSite.java:238)
at org.codehaus.groovy.runtime.callsite.AbstractCallSite.callConstructor(AbstractCallSite.java:250)
at io.restassured.internal.ResponseSpecificationImpl$HamcrestAssertionClosure.validate(ResponseSpecificationImpl.groovy:494)
at io.restassured.internal.ResponseSpecificationImpl$HamcrestAssertionClosure$validate$1.call(Unknown Source)
at io.restassured.internal.ResponseSpecificationImpl.validateResponseIfRequired(ResponseSpecificationImpl.groovy:656)
at sun.reflect.NativeMethodAccessorImpl.invoke0(Native Method)
at sun.reflect.NativeMethodAccessorImpl.invoke(Unknown Source)
at sun.reflect.DelegatingMethodAccessorImpl.invoke(Unknown Source)
at java.lang.reflect.Method.invoke(Unknown Source)
at org.codehaus.groovy.runtime.callsite.PogoMetaMethodSite$PogoCachedMethodSiteNoUnwrapNoCoerce.invoke(PogoMetaMethodSite.java:210)
at org.codehaus.groovy.runtime.callsite.PogoMetaMethodSite.callCurrent(PogoMetaMethodSite.java:59)
at org.codehaus.groovy.runtime.callsite.CallSiteArray.defaultCallCurrent(CallSiteArray.java:51)
at org.codehaus.groovy.runtime.callsite.AbstractCallSite.callCurrent(AbstractCallSite.java:157)
at org.codehaus.groovy.runtime.callsite.AbstractCallSite.callCurrent(AbstractCallSite.java:169)
at io.restassured.internal.ResponseSpecificationImpl.header(ResponseSpecificationImpl.groovy:180)
at io.restassured.specification.ResponseSpecification$header$1.callCurrent(Unknown Source)
at org.codehaus.groovy.runtime.callsite.CallSiteArray.defaultCallCurrent(CallSiteArray.java:51)
at org.codehaus.groovy.runtime.callsite.AbstractCallSite.callCurrent(AbstractCallSite.java:157)
at org.codehaus.groovy.runtime.callsite.AbstractCallSite.callCurrent(AbstractCallSite.java:177)
at io.restassured.internal.ResponseSpecificationImpl.header(ResponseSpecificationImpl.groovy:187)
at io.restassured.internal.ValidatableResponseOptionsImpl.header(ValidatableResponseOptionsImpl.java:154)
at com.test.TestScripts.AutomatePUTCall.updateCustomer(AutomatePUTCall.java:47)
at sun.reflect.NativeMethodAccessorImpl.invoke0(Native Method)
at sun.reflect.NativeMethodAccessorImpl.invoke(Unknown Source)
at sun.reflect.DelegatingMethodAccessorImpl.invoke(Unknown Source)
at java.lang.reflect.Method.invoke(Unknown Source)
at org.testng.internal.MethodInvocationHelper.invokeMethod(MethodInvocationHelper.java:124)
at org.testng.internal.Invoker.invokeMethod(Invoker.java:583)
at org.testng.internal.Invoker.invokeTestMethod(Invoker.java:719)
at org.testng.internal.Invoker.invokeTestMethods(Invoker.java:989)
at org.testng.internal.TestMethodWorker.invokeTestMethods(TestMethodWorker.java:125)
at org.testng.internal.TestMethodWorker.run(TestMethodWorker.java:109)
at org.testng.TestRunner.privateRun(TestRunner.java:648)
at org.testng.TestRunner.run(TestRunner.java:505)
at org.testng.SuiteRunner.runTest(SuiteRunner.java:455)
at org.testng.SuiteRunner.runSequentially(SuiteRunner.java:450)
at org.testng.SuiteRunner.privateRun(SuiteRunner.java:415)
at org.testng.SuiteRunner.run(SuiteRunner.java:364)
at org.testng.SuiteRunnerWorker.runSuite(SuiteRunnerWorker.java:52)
at org.testng.SuiteRunnerWorker.run(SuiteRunnerWorker.java:84)
at org.testng.TestNG.runSuitesSequentially(TestNG.java:1208)
at org.testng.TestNG.runSuitesLocally(TestNG.java:1137)
at org.testng.TestNG.runSuites(TestNG.java:1049)
at org.testng.TestNG.run(TestNG.java:1017)
at org.testng.remote.AbstractRemoteTestNG.run(AbstractRemoteTestNG.java:114)
at org.testng.remote.RemoteTestNG.initAndRun(RemoteTestNG.java:251)
at org.testng.remote.RemoteTestNG.main(RemoteTestNG.java:77)
]]>
    </failure>
  </testcase> <!-- updateCustomer -->
</testsuite> <!-- com.test.TestScripts.AutomatePUTCall -->
